Running: /opt/Xilinx/14.7/ISE_DS/ISE/bin/lin64/unwrapped/fuse -intstyle ise -incremental -o /home/lab661/Documents/xradek03/Digital-electronics-1/Labs/05-counter_binary/binary_counter/binary_cntTest_isim_beh.exe -prj /home/lab661/Documents/xradek03/Digital-electronics-1/Labs/05-counter_binary/binary_counter/binary_cntTest_beh.prj work.binary_cntTest 
ISim P.20131013 (signature 0xfbc00daa)
Number of CPUs detected in this system: 2
Turning on mult-threading, number of parallel sub-compilation jobs: 4 
Determining compilation order of HDL files
Parsing VHDL file "/home/lab661/Documents/xradek03/Digital-electronics-1/Labs/05-counter_binary/binary_counter/binary_cnt.vhd" into library work
Parsing VHDL file "/home/lab661/Documents/xradek03/Digital-electronics-1/Labs/05-counter_binary/binary_counter/binary_cntTest.vhd" into library work
Starting static elaboration
Completed static elaboration
Fuse Memory Usage: 100576 KB
Fuse CPU Usage: 1010 ms
Compiling package standard
Compiling package std_logic_1164
Compiling package std_logic_arith
Compiling package std_logic_unsigned
Compiling architecture behavioral of entity binary_cnt [\binary_cnt(5)\]
Compiling architecture behavior of entity binary_cnttest
Time Resolution for simulation is 1ps.
Compiled 7 VHDL Units
Built simulation executable /home/lab661/Documents/xradek03/Digital-electronics-1/Labs/05-counter_binary/binary_counter/binary_cntTest_isim_beh.exe
Fuse Memory Usage: 410728 KB
Fuse CPU Usage: 1100 ms
GCC CPU Usage: 270 ms
